<?xml version="1.0" encoding="UTF-8"?>
<!-- Generated by org.testng.reporters.JUnitReportReporter -->
<testsuite hostname="Sony-VAIO" name="com.CO.clickOnRegister" tests="1" failures="0" timestamp="19 Jan 2015 17:15:31 GMT" time="43.728" errors="0">
  <testcase name="testClickOnRegister" time="43.728" classname="com.CO.clickOnRegister"/>
</testsuite> <!-- com.CO.clickOnRegister -->
