<?xml version="1.0" encoding="UTF-8"?>
<!-- Generated by org.testng.reporters.JUnitReportReporter -->
<testsuite hostname="Sony-VAIO" name="com.CO.testCases" tests="1" failures="0" timestamp="3 Mar 2015 03:01:40 GMT" time="19.744" errors="0">
  <testcase name="test" time="19.744" classname="com.CO.testCases"/>
</testsuite> <!-- com.CO.testCases -->
