<?xml version="1.0" encoding="UTF-8"?>
<!-- Generated by org.testng.reporters.JUnitReportReporter -->
<testsuite hostname="Sony-VAIO" name="com.CO.testCases" tests="1" failures="0" timestamp="21 Jan 2015 04:59:05 GMT" time="41.706" errors="0">
  <testcase name="testSearchWithText" time="41.706" classname="com.CO.testCases"/>
</testsuite> <!-- com.CO.testCases -->
